This is pdfTeX, Version 3.1415926-2.5-1.40.14 (TeX Live 2013/Debian) (format=pdflatex 2014.10.16)  7 DEC 2015 14:31
entering extended mode
 restricted \write18 enabled.
 %&-line parsing enabled.
**sql-logique.tex
(./sql-logique.tex
LaTeX2e <2011/06/27>
Babel <3.9h> and hyphenation patterns for 78 languages loaded.

! LaTeX Error: Missing \begin{document}.

See the LaTeX manual or LaTeX Companion for explanation.
Type  H <return>  for immediate help.
 ...                                              
                                                  
l.1 \par P
          our le sch√©ma logique de donn√©es, les @ repr√©sentent les cl√©s ...

You're in trouble here.  Try typing  <return>  to proceed.
If that doesn't work, type  X <return>  to quit.

Missing character: There is no P in font nullfont!
Missing character: There is no o in font nullfont!
Missing character: There is no u in font nullfont!
Missing character: There is no r in font nullfont!
Missing character: There is no l in font nullfont!
Missing character: There is no e in font nullfont!
Missing character: There is no s in font nullfont!
Missing character: There is no c in font nullfont!
Missing character: There is no h in font nullfont!
Missing character: There is no √ in font nullfont!
Missing character: There is no © in font nullfont!
Missing character: There is no m in font nullfont!
Missing character: There is no a in font nullfont!
Missing character: There is no l in font nullfont!
Missing character: There is no o in font nullfont!
Missing character: There is no g in font nullfont!
Missing character: There is no i in font nullfont!
Missing character: There is no q in font nullfont!
Missing character: There is no u in font nullfont!
Missing character: There is no e in font nullfont!
Missing character: There is no d in font nullfont!
Missing character: There is no e in font nullfont!
Missing character: There is no d in font nullfont!
Missing character: There is no o in font nullfont!
Missing character: There is no n in font nullfont!
Missing character: There is no n in font nullfont!
Missing character: There is no √ in font nullfont!
Missing character: There is no © in font nullfont!
Missing character: There is no e in font nullfont!
Missing character: There is no s in font nullfont!
Missing character: There is no , in font nullfont!
Missing character: There is no l in font nullfont!
Missing character: There is no e in font nullfont!
Missing character: There is no s in font nullfont!
Missing character: There is no @ in font nullfont!
Missing character: There is no r in font nullfont!
Missing character: There is no e in font nullfont!
Missing character: There is no p in font nullfont!
Missing character: There is no r in font nullfont!
Missing character: There is no √ in font nullfont!
Missing character: There is no © in font nullfont!
Missing character: There is no s in font nullfont!
Missing character: There is no e in font nullfont!
Missing character: There is no n in font nullfont!
Missing character: There is no t in font nullfont!
Missing character: There is no e in font nullfont!
Missing character: There is no n in font nullfont!
Missing character: There is no t in font nullfont!
Missing character: There is no l in font nullfont!
Missing character: There is no e in font nullfont!
Missing character: There is no s in font nullfont!
Missing character: There is no c in font nullfont!
Missing character: There is no l in font nullfont!
Missing character: There is no √ in font nullfont!
Missing character: There is no © in font nullfont!
Missing character: There is no s in font nullfont!
Missing character: There is no p in font nullfont!
Missing character: There is no r in font nullfont!
Missing character: There is no i in font nullfont!
Missing character: There is no m in font nullfont!
Missing character: There is no a in font nullfont!
Missing character: There is no i in font nullfont!
Missing character: There is no r in font nullfont!
Missing character: There is no e in font nullfont!
Missing character: There is no s in font nullfont!
Missing character: There is no , in font nullfont!
Missing character: There is no e in font nullfont!
Missing character: There is no t in font nullfont!
! You can't use `macro parameter character #' in horizontal mode.
l.2 et #
         les cl√©s √©trang√®res. \\
Sorry, but I'm not programmed to handle this case;
I'll just pretend that you didn't ask for it.
If you're in the wrong mode, you might be able to
return to the right one by typing `I}' or `I$' or `I\par'.

Missing character: There is no l in font nullfont!
Missing character: There is no e in font nullfont!
Missing character: There is no s in font nullfont!
Missing character: There is no c in font nullfont!
Missing character: There is no l in font nullfont!
Missing character: There is no √ in font nullfont!
Missing character: There is no © in font nullfont!
Missing character: There is no s in font nullfont!
Missing character: There is no √ in font nullfont!
Missing character: There is no © in font nullfont!
Missing character: There is no t in font nullfont!
Missing character: There is no r in font nullfont!
Missing character: There is no a in font nullfont!
Missing character: There is no n in font nullfont!
Missing character: There is no g in font nullfont!
Missing character: There is no √ in font nullfont!
Missing character: There is no ® in font nullfont!
Missing character: There is no r in font nullfont!
Missing character: There is no e in font nullfont!
Missing character: There is no s in font nullfont!
Missing character: There is no . in font nullfont!

Overfull \hbox (20.0pt too wide) in paragraph at lines 1--3
[]
 []


Overfull \hbox (241.4979pt too wide) in paragraph at lines 32--32
[]\OT1/cmtt/m/n/10 languages_world (@id, nom_en, locale, nom_fr);[] 
 []


Overfull \hbox (225.74803pt too wide) in paragraph at lines 32--32
[]\OT1/cmtt/m/n/10 continent (@cont_id, cont_code, cont_name);[] 
 []


Overfull \hbox (325.49716pt too wide) in paragraph at lines 32--32
[]\OT1/cmtt/m/n/10 countries (@id_pays, code, name_en, name_fr, #code_continent
);[] 
 []


Overfull \hbox (199.49826pt too wide) in paragraph at lines 32--32
[]\OT1/cmtt/m/n/10 lang (@lang_id, #lang_code, lang_img);[] 
 []


Overfull \hbox (194.2483pt too wide) in paragraph at lines 32--32
[]\OT1/cmtt/m/n/10 page (@page_id, page_code, page_nom);[] 
 []


Overfull \hbox (288.74748pt too wide) in paragraph at lines 32--32
[]\OT1/cmtt/m/n/10 phrase_jour (@phrase_id, phrase_content, #phrase_lang);[] 
 []


Overfull \hbox (251.9978pt too wide) in paragraph at lines 32--32
[]\OT1/cmtt/m/n/10 actualite (@act_id, act_type, act_img, act_nom);[] 
 []


Overfull \hbox (225.74803pt too wide) in paragraph at lines 32--32
[]\OT1/cmtt/m/n/10 actu_content (id, @#lang, @#actu, content);[] 
 []


Overfull \hbox (362.24684pt too wide) in paragraph at lines 32--32
[]\OT1/cmtt/m/n/10 coordonnees (@coord_num, coord_adr, coord_mail, coord_tel, c
oord_lat,[] 
 []


Overfull \hbox (62.99945pt too wide) in paragraph at lines 32--32
[]\OT1/cmtt/m/n/10 coord_long);[] 
 []


Overfull \hbox (335.99707pt too wide) in paragraph at lines 32--32
[]\OT1/cmtt/m/n/10 produits (@pd_num, pd_prix, pd_img, pd_nom_prive, pd_nom_adm
in);[] 
 []


Overfull \hbox (393.74657pt too wide) in paragraph at lines 32--32
[]\OT1/cmtt/m/n/10 produits_contenu (bt_num, @#bt_lang, @#bt_prod, bt_content, 
bt_nom_public);[] 
 []


Overfull \hbox (335.99707pt too wide) in paragraph at lines 32--32
[]\OT1/cmtt/m/n/10 tmembre_inscrit (@id_membre, pseudo, pass_secure, niveau, em
ail,[] 
 []


Overfull \hbox (341.24702pt too wide) in paragraph at lines 32--32
[]\OT1/cmtt/m/n/10 etat_validation, telephone, nom, prenom, adresse, etat_annua
ire);[] 
 []


Overfull \hbox (283.49753pt too wide) in paragraph at lines 32--32
[]\OT1/cmtt/m/n/10 photo (@id_photo, adr_photo, date_photo, description);[] 
 []


Overfull \hbox (304.49734pt too wide) in paragraph at lines 32--32
[]\OT1/cmtt/m/n/10 commentaire (@id_commentaire, texte, #num_photo, #auteur);[]
 
 []


Overfull \hbox (251.9978pt too wide) in paragraph at lines 32--32
[]\OT1/cmtt/m/n/10 diaporama (@diapo_id, diapo_lien, diapo_active);[] 
 []


Overfull \hbox (188.99835pt too wide) in paragraph at lines 32--32
[]\OT1/cmtt/m/n/10 uploaded_file (@file_num, file_adr);[] 
 []


Overfull \hbox (262.49771pt too wide) in paragraph at lines 32--32
[]\OT1/cmtt/m/n/10 lien_ext(@lien_num, lien_url, lien_img, lien_nom);[] 
 []


Overfull \hbox (241.4979pt too wide) in paragraph at lines 32--32
[]\OT1/cmtt/m/n/10 livreor (@id, date, nom, message, validation);[] 
 []


Overfull \hbox (199.49826pt too wide) in paragraph at lines 32--32
[]\OT1/cmtt/m/n/10 voyage (@id_voy, #pays, titre, texte);[] 
 []


Overfull \hbox (341.24702pt too wide) in paragraph at lines 32--32
[]\OT1/cmtt/m/n/10 planning (@id_planning, pl_jour, pl_date, pl_lieu, pl_musici
ens);[] 
 []


Overfull \hbox (377.9967pt too wide) in paragraph at lines 32--32
[]\OT1/cmtt/m/n/10 playlist (@music_id, music_lien, music_nom, music_active, mu
sic_groupe);[] 
 []


Overfull \hbox (278.24757pt too wide) in paragraph at lines 32--32
[]\OT1/cmtt/m/n/10 revue_presse (@presse_num, presse_img, presse_titre);[] 
 []


Overfull \hbox (283.49753pt too wide) in paragraph at lines 32--32
[]\OT1/cmtt/m/n/10 texte (txt_num, @#txt_page, txt_titre, @#lang, texte);[] 
 []


Overfull \hbox (215.24812pt too wide) in paragraph at lines 32--32
[]\OT1/cmtt/m/n/10 compte_rendu (@cr_num, cr_text, cr_date);[] 
 []


Overfull \hbox (220.49808pt too wide) in paragraph at lines 32--32
[]\OT1/cmtt/m/n/10 titre (@titre_num, titre_nom, titre_link);[] 
 []


Overfull \hbox (304.49734pt too wide) in paragraph at lines 32--32
[]\OT1/cmtt/m/n/10 traduction (trad_num, @#code_lang, @#code_titre, content);[]
 
 []

)
! Emergency stop.
<*> sql-logique.tex
                   
*** (job aborted, no legal \end found)

 
Here is how much of TeX's memory you used:
 8 strings out of 493304
 174 string characters out of 6139870
 54880 words of memory out of 5000000
 3566 multiletter control sequences out of 15000+600000
 3808 words of font info for 15 fonts, out of 8000000 for 9000
 957 hyphenation exceptions out of 8191
 18i,1n,14p,101b,154s stack positions out of 5000i,500n,10000p,200000b,80000s
!  ==> Fatal error occurred, no output PDF file produced!
